Copyright 1986-2018 Xilinx, Inc. All Rights Reserved.
-------------------------------------------------------------------------------------
| Tool Version : Vivado v.2018.3 (win64) Build 2405991 Thu Dec  6 23:38:27 MST 2018
| Date         : Wed Jun  8 23:44:16 2022
| Host         : CDJD-01 running 64-bit major release  (build 9200)
| Command      : report_control_sets -verbose -file FIVS_top_control_sets_placed.rpt
| Design       : FIVS_top
| Device       : xc7a35t
-------------------------------------------------------------------------------------

Control Set Information

Table of Contents
-----------------
1. Summary
2. Histogram
3. Flip-Flop Distribution
4. Detailed Control Set Information

1. Summary
----------

+----------------------------------------------------------+-------+
|                          Status                          | Count |
+----------------------------------------------------------+-------+
| Number of unique control sets                            |    80 |
| Unused register locations in slices containing registers |   246 |
+----------------------------------------------------------+-------+


2. Histogram
------------

+--------+--------------+
| Fanout | Control Sets |
+--------+--------------+
|      1 |            6 |
|      2 |            3 |
|      3 |            1 |
|      4 |           13 |
|      5 |            8 |
|      6 |            4 |
|      7 |            1 |
|      8 |           14 |
|      9 |            2 |
|     10 |            1 |
|     13 |            1 |
|     14 |            1 |
|    16+ |           25 |
+--------+--------------+


3. Flip-Flop Distribution
-------------------------

+--------------+-----------------------+------------------------+-----------------+--------------+
| Clock Enable | Synchronous Set/Reset | Asynchronous Set/Reset | Total Registers | Total Slices |
+--------------+-----------------------+------------------------+-----------------+--------------+
| No           | No                    | No                     |              72 |           28 |
| No           | No                    | Yes                    |             183 |           72 |
| No           | Yes                   | No                     |              29 |           15 |
| Yes          | No                    | No                     |             179 |           53 |
| Yes          | No                    | Yes                    |             155 |           42 |
| Yes          | Yes                   | No                     |             304 |           81 |
+--------------+-----------------------+------------------------+-----------------+--------------+


4. Detailed Control Set Information
-----------------------------------

+-----------------------------------------------------------+--------------------------------------------------------------------------------------------------+--------------------------------------------------------------------------------------------------------+------------------+----------------+
|                        Clock Signal                       |                                           Enable Signal                                          |                                            Set/Reset Signal                                            | Slice Load Count | Bel Load Count |
+-----------------------------------------------------------+--------------------------------------------------------------------------------------------------+--------------------------------------------------------------------------------------------------------+------------------+----------------+
|  sfp/sfp100/done_receive                                  |                                                                                                  |                                                                                                        |                1 |              1 |
|  sck/sck010/done_receive                                  |                                                                                                  | FP_controller_0/sck/sck010/ur/rst_reg                                                                  |                1 |              1 |
|  clk_wiz_0_i/inst/clk_60mhz                               |                                                                                                  | state_machine_0/check_reg_0                                                                            |                1 |              1 |
|  clk_wiz_0_i/inst/clk_60mhz                               |                                                                                                  | state_machine_0/clear_reg_0                                                                            |                1 |              1 |
|  sfp/sfp010/done_receive                                  |                                                                                                  | FP_controller_0/sfp/sfp010/ur/rst_reg                                                                  |                1 |              1 |
|  clk_wiz_0_i/inst/clk_60mhz                               |                                                                                                  | FP_controller_0/sfp/rst_i_2_n_1                                                                        |                1 |              1 |
|  sck/sck010/done_receive                                  |                                                                                                  |                                                                                                        |                1 |              2 |
|  sfp/sfp100/done_receive                                  |                                                                                                  | FP_controller_0/sfp/sfp010/ur/rst_reg                                                                  |                1 |              2 |
|  clk_wiz_0_i/inst/clk_60mhz                               |                                                                                                  | usb_keyboard_0/usb_hid_keyboard_0/usbfs_core_i/usb_rstn_i_2_n_1                                        |                1 |              2 |
|  state_machine_0/FSM_sequential_next_state_reg[2]_i_2_n_1 |                                                                                                  |                                                                                                        |                1 |              3 |
|  clk100mhz_IBUF_BUFG                                      | FP_controller_0/sck/sck001/ut/send_cnt[3]_i_1__2_n_1                                             | FP_controller_0/sck/sck001/rst_reg_inv_n_1                                                             |                1 |              4 |
|  clk100mhz_IBUF_BUFG                                      | FP_controller_0/sck/sck010/ur/bit_flag_reg_n_1                                                   | FP_controller_0/sck/sck010/ur/rst_reg                                                                  |                1 |              4 |
|  sfp/sfp010/done_receive                                  |                                                                                                  |                                                                                                        |                2 |              4 |
|  clk_wiz_0_i/inst/clk_60mhz                               | usb_keyboard_0/usb_hid_keyboard_0/usbfs_core_i/usbfs_packet_tx_i/cnt                             | usb_keyboard_0/usb_hid_keyboard_0/usbfs_core_i/usbfs_transaction_i/usb_rstn_reg                        |                1 |              4 |
|  clk100mhz_IBUF_BUFG                                      | FP_controller_0/sfp/sfp010/ur/bit_flag_reg_n_1                                                   | FP_controller_0/sfp/sfp010/ur/rst_reg                                                                  |                1 |              4 |
|  clk100mhz_IBUF_BUFG                                      | FP_controller_0/sfp/sfp011/ut/send_cnt[3]_i_1__0_n_1                                             | FP_controller_0/sfp/sfp011/rst_reg_inv_n_1                                                             |                1 |              4 |
|  clk_wiz_0_i/inst/clk_60mhz                               | usb_keyboard_0/usb_hid_keyboard_0/usbfs_core_i/usbfs_bitlevel_i/FSM_sequential_status[3]_i_2_n_1 | usb_keyboard_0/usb_hid_keyboard_0/usbfs_core_i/usbfs_transaction_i/usb_rstn_reg                        |                1 |              4 |
|  clk100mhz_IBUF_BUFG                                      | FP_controller_0/sfp/sfp100/ur/bit_flag_reg_n_1                                                   | FP_controller_0/sfp/sfp010/ur/rst_reg                                                                  |                1 |              4 |
|  clk100mhz_IBUF_BUFG                                      | FP_controller_0/sfp/sfp001/ut/send_cnt[3]_i_1_n_1                                                | FP_controller_0/sfp/sfp001/rst_reg_inv_n_1                                                             |                1 |              4 |
|  clk_wiz_0_i/inst/clk_60mhz                               | usb_keyboard_0/usb_hid_keyboard_0/usbfs_core_i/usbfs_packet_rx_i/rp_addr[10]_i_1_n_1             | usb_keyboard_0/usb_hid_keyboard_0/usbfs_core_i/usbfs_transaction_i/usb_rstn_reg                        |                1 |              4 |
|  clk_wiz_0_i/inst/clk_60mhz                               | usb_keyboard_0/usb_hid_keyboard_0/usbfs_core_i/usbfs_packet_rx_i/rp_pid[3]_i_1_n_1               | usb_keyboard_0/usb_hid_keyboard_0/usbfs_core_i/usbfs_bitlevel_i/SR[0]                                  |                1 |              4 |
|  clk100mhz_IBUF_BUFG                                      | FP_controller_0/scl/scl001/ut/send_cnt[3]_i_1__1_n_1                                             | FP_controller_0/scl/scl001/rst_reg_inv_n_1                                                             |                1 |              4 |
|  clk100mhz_IBUF_BUFG                                      | FP_controller_0/scl/scl010/ur/bit_flag_reg_n_1                                                   | FP_controller_0/scl/scl010/ur/rst_reg                                                                  |                1 |              4 |
|  clk_wiz_0_i/inst/clk_60mhz                               | usb_keyboard_0/usb_hid_keyboard_0/usbfs_core_i/usbfs_transaction_i/key_request_reg[0]            | usb_keyboard_0/usb_hid_keyboard_0/usbfs_core_i/usbfs_transaction_i/usb_rstn_reg                        |                2 |              5 |
|  clk100mhz_IBUF_BUFG                                      | FP_controller_0/scl/scl001/message                                                               |                                                                                                        |                2 |              5 |
|  clk_wiz_0_i/inst/clk_60mhz                               | usb_keyboard_0/usb_hid_keyboard_0/usbfs_core_i/usbfs_packet_rx_i/rx_bcnt                         | usb_keyboard_0/usb_hid_keyboard_0/usbfs_core_i/usbfs_bitlevel_i/SR[0]                                  |                2 |              5 |
|  clk_wiz_0_i/inst/clk_60mhz                               | usb_keyboard_0/usb_hid_keyboard_0/usbfs_core_i/usbfs_bitlevel_i/cnt_bit[4]_i_1_n_1               | usb_keyboard_0/usb_hid_keyboard_0/usbfs_core_i/usbfs_transaction_i/usb_rstn_reg                        |                2 |              5 |
|  clk_wiz_0_i/inst/clk_60mhz                               | usb_keyboard_0/usb_hid_keyboard_0/usbfs_core_i/usbfs_packet_rx_i/rx_crc5[4]_i_1_n_1              | usb_keyboard_0/usb_hid_keyboard_0/usbfs_core_i/usbfs_bitlevel_i/SR[0]                                  |                1 |              5 |
|  clk100mhz_IBUF_BUFG                                      | FP_controller_0/scl/scl001/state[3]_i_1__0_n_1                                                   |                                                                                                        |                1 |              5 |
|  clk_wiz_0_i/inst/clk_60mhz                               | usb_keyboard_0/usb_hid_keyboard_0/usbfs_core_i/usbfs_packet_rx_i/E[0]                            | usb_keyboard_0/usb_hid_keyboard_0/usbfs_core_i/usbfs_transaction_i/usb_rstn_reg                        |                2 |              5 |
|  clk100mhz_IBUF_BUFG                                      | FP_controller_0/sfp/sfp001/state[3]_i_1_n_1                                                      |                                                                                                        |                2 |              5 |
|  clk100mhz_IBUF_BUFG                                      | FP_controller_0/sck/sck001/message[7]_i_1__2_n_1                                                 |                                                                                                        |                2 |              6 |
|  clk100mhz_IBUF_BUFG                                      | FP_controller_0/sck/sck001/rst_0                                                                 |                                                                                                        |                2 |              6 |
|  clk100mhz_IBUF_BUFG                                      | FP_controller_0/sfp/sfp011/state[4]_i_1__0_n_1                                                   |                                                                                                        |                3 |              6 |
|  clk100mhz_IBUF_BUFG                                      | FP_controller_0/sfp/sfp001/message                                                               |                                                                                                        |                2 |              6 |
|  clk_wiz_0_i/inst/clk_60mhz                               | usb_keyboard_0/usb_hid_keyboard_0/usbfs_core_i/usbfs_packet_tx_i/pid_0                           | usb_keyboard_0/usb_hid_keyboard_0/usbfs_core_i/usbfs_transaction_i/usb_rstn_reg                        |                2 |              7 |
|  clk100mhz_IBUF_BUFG                                      | FP_controller_0/sfp/sfp011/message[7]_i_1__0_n_1                                                 |                                                                                                        |                4 |              8 |
|  clk_wiz_0_i/inst/clk_60mhz                               | usb_keyboard_0/usb_hid_keyboard_0/usbfs_core_i/usbfs_transaction_i/in_cnt_reg[2][0]              | usb_keyboard_0/usb_hid_keyboard_0/usbfs_core_i/SR[0]                                                   |                2 |              8 |
|  clk_wiz_0_i/inst/clk_60mhz                               | usb_keyboard_0/usb_hid_keyboard_0/usbfs_core_i/usbfs_transaction_i/tp_byte[7]_i_1_n_1            | usb_keyboard_0/usb_hid_keyboard_0/usbfs_core_i/usbfs_transaction_i/usb_rstn_reg                        |                3 |              8 |
|  clk_wiz_0_i/inst/clk_60mhz                               | usb_keyboard_0/usb_hid_keyboard_0/usbfs_core_i/usbfs_packet_rx_i/rp_byte[7]_i_1_n_1              | usb_keyboard_0/usb_hid_keyboard_0/usbfs_core_i/usbfs_transaction_i/usb_rstn_reg                        |                1 |              8 |
|  sfp/sfp010/done_receive                                  | FP_controller_0/sfp/sfp010/ur/E[0]                                                               |                                                                                                        |                2 |              8 |
|  sfp/sfp010/done_receive                                  | FP_controller_0/sfp/sfp010/ur/E[1]                                                               |                                                                                                        |                1 |              8 |
|  clk100mhz_IBUF_BUFG                                      | FP_controller_0/scl/scl010/ur/data_out_flag                                                      | FP_controller_0/scl/scl010/ur/rst_reg                                                                  |                1 |              8 |
|  clk100mhz_IBUF_BUFG                                      | FP_controller_0/scl/scl010/ur/data_out0                                                          | FP_controller_0/scl/scl010/ur/rst_reg                                                                  |                2 |              8 |
|  clk100mhz_IBUF_BUFG                                      | FP_controller_0/sfp/sfp010/ur/data_out0                                                          | FP_controller_0/sfp/sfp010/ur/rst_reg                                                                  |                2 |              8 |
|  clk100mhz_IBUF_BUFG                                      | FP_controller_0/sck/sck010/ur/data_out0                                                          | FP_controller_0/sck/sck010/ur/rst_reg                                                                  |                2 |              8 |
|  clk100mhz_IBUF_BUFG                                      | FP_controller_0/sfp/sfp010/ur/data_out_flag                                                      | FP_controller_0/sfp/sfp010/ur/rst_reg                                                                  |                3 |              8 |
|  clk100mhz_IBUF_BUFG                                      | FP_controller_0/sck/sck010/ur/data_out_flag                                                      | FP_controller_0/sck/sck010/ur/rst_reg                                                                  |                2 |              8 |
|  clk100mhz_IBUF_BUFG                                      | FP_controller_0/sfp/sfp100/ur/data_out_flag                                                      | FP_controller_0/sfp/sfp010/ur/rst_reg                                                                  |                1 |              8 |
|  clk100mhz_IBUF_BUFG                                      | FP_controller_0/sfp/sfp100/ur/data_out0                                                          | FP_controller_0/sfp/sfp010/ur/rst_reg                                                                  |                1 |              8 |
|  clk_wiz_0_i/inst/clk_60mhz                               | usb_keyboard_0/usb_hid_keyboard_0/usbfs_core_i/usbfs_transaction_i/endp_81_count[8]_i_1_n_1      | usb_keyboard_0/usb_hid_keyboard_0/usbfs_core_i/usbfs_transaction_i/usb_rstn_reg                        |                3 |              9 |
|  clk_wiz_0_i/inst/clk_60mhz                               | usb_keyboard_0/usb_hid_keyboard_0/usbfs_core_i/usbfs_packet_rx_i/rp_pid_reg[1]_1[0]              | usb_keyboard_0/usb_hid_keyboard_0/usbfs_core_i/usbfs_transaction_i/usb_rstn_reg                        |                4 |              9 |
|  clk_wiz_0_i/inst/clk_60mhz                               | usb_keyboard_0/usb_hid_keyboard_0/usbfs_core_i/usbfs_transaction_i/desc_addr[9]_i_1_n_1          | usb_keyboard_0/usb_hid_keyboard_0/usbfs_core_i/usbfs_transaction_i/usb_rstn_reg                        |                4 |             10 |
|  scl/scl010/done_receive                                  |                                                                                                  |                                                                                                        |                6 |             13 |
|  clk_wiz_0_i/inst/clk_60mhz                               |                                                                                                  |                                                                                                        |                6 |             14 |
|  clk_wiz_0_i/inst/clk_60mhz                               | usb_keyboard_0/usb_hid_keyboard_0/usbfs_core_i/usbfs_packet_tx_i/crc16                           | usb_keyboard_0/usb_hid_keyboard_0/usbfs_core_i/usbfs_transaction_i/usb_rstn_reg                        |                6 |             16 |
|  clk_wiz_0_i/inst/clk_60mhz                               | usb_keyboard_0/usb_hid_keyboard_0/usbfs_core_i/usbfs_packet_rx_i/endp_00_data19_out              | usb_keyboard_0/usb_hid_keyboard_0/usbfs_core_i/usbfs_packet_rx_i/setup_cmd_reg[bitRequestDirection]__0 |                5 |             16 |
|  clk_wiz_0_i/inst/clk_60mhz                               |                                                                                                  | FP_controller_0/sfp/rst_n                                                                              |                8 |             16 |
|  clk_wiz_0_i/inst/clk_60mhz                               | usb_keyboard_0/usb_hid_keyboard_0/usbfs_core_i/usbfs_transaction_i/in_cnt_reg[2][0]              | usb_keyboard_0/usb_hid_keyboard_0/usbfs_core_i/usbfs_transaction_i/usb_rstn_reg                        |                4 |             16 |
|  clk_wiz_0_i/inst/clk_60mhz                               | usb_keyboard_0/usb_hid_keyboard_0/usbfs_core_i/usbfs_packet_rx_i/rx_crc16                        | usb_keyboard_0/usb_hid_keyboard_0/usbfs_core_i/usbfs_bitlevel_i/SR[0]                                  |                4 |             16 |
|  clk100mhz_IBUF_BUFG                                      |                                                                                                  | FP_controller_0/sfp/sfp011/rst_reg_inv_n_1                                                             |                6 |             17 |
|  clk100mhz_IBUF_BUFG                                      |                                                                                                  | FP_controller_0/scl/scl001/rst_reg_inv_n_1                                                             |                7 |             17 |
|  clk100mhz_IBUF_BUFG                                      |                                                                                                  | FP_controller_0/sck/sck001/rst_reg_inv_n_1                                                             |                7 |             17 |
|  clk100mhz_IBUF_BUFG                                      |                                                                                                  | FP_controller_0/sfp/sfp001/rst_reg_inv_n_1                                                             |                6 |             17 |
|  sfp/sfp100/done_receive                                  | FP_controller_0/sfp/sfp100/i[3]_i_1__0_n_1                                                       |                                                                                                        |                9 |             19 |
|  sck/sck010/done_receive                                  | FP_controller_0/sck/sck010/i_0                                                                   |                                                                                                        |                7 |             20 |
|  clk100mhz_IBUF_BUFG                                      |                                                                                                  | FP_controller_0/scl/scl010/ur/rst_reg                                                                  |                7 |             22 |
|  clk100mhz_IBUF_BUFG                                      |                                                                                                  | FP_controller_0/sck/sck010/ur/rst_reg                                                                  |                7 |             22 |
|  clk_wiz_0_i/inst/clk_60mhz                               | usb_keyboard_0/key_request2_out                                                                  | usb_keyboard_0/count                                                                                   |                6 |             23 |
|  clk_wiz_0_i/inst/clk_60mhz                               | usb_keyboard_0/usb_hid_keyboard_0/usbfs_core_i/usbfs_bitlevel_i/rx_ena                           | usb_keyboard_0/usb_hid_keyboard_0/usbfs_core_i/usbfs_bitlevel_i/SR[0]                                  |                4 |             26 |
|  sck/sck010/done_receive                                  | FP_controller_0/sck/sck010/i_0                                                                   | FP_controller_0/sck/sck010/ur/FSM_onehot_state_reg[1]                                                  |                6 |             28 |
|  sfp/sfp100/done_receive                                  | FP_controller_0/sfp/sfp100/i[3]_i_1__0_n_1                                                       | FP_controller_0/sfp/sfp100/ur/rst_reg                                                                  |                7 |             29 |
|  sfp/sfp010/done_receive                                  | FP_controller_0/sfp/sfp010/ur/i_0                                                                |                                                                                                        |                7 |             29 |
|  scl/scl010/done_receive                                  | FP_controller_0/scl/scl010/i[31]_i_2_n_1                                                         | FP_controller_0/scl/scl010/ur/SR[0]                                                                    |                8 |             29 |
|  clk_wiz_0_i/inst/clk_60mhz                               | usb_keyboard_0/usb_hid_keyboard_0/usbfs_core_i/usb_rstn_cnt[31]_i_1_n_1                          | usb_keyboard_0/usb_hid_keyboard_0/usbfs_core_i/usb_rstn_i_2_n_1                                        |               11 |             32 |
|  clk_wiz_0_i/inst/clk_60mhz                               | usb_keyboard_0/pointer[0]_i_2_n_1                                                                | usb_keyboard_0/clear                                                                                   |                8 |             32 |
|  clk_wiz_0_i/inst/clk_60mhz                               |                                                                                                  | usb_keyboard_0/usb_hid_keyboard_0/usbfs_core_i/usbfs_transaction_i/usb_rstn_reg                        |               18 |             35 |
|  clk100mhz_IBUF_BUFG                                      |                                                                                                  |                                                                                                        |               11 |             35 |
|  clk100mhz_IBUF_BUFG                                      |                                                                                                  | FP_controller_0/sfp/sfp010/ur/rst_reg                                                                  |               14 |             40 |
|  clk_wiz_0_i/inst/clk_60mhz                               | usb_keyboard_0/usb_hid_keyboard_0/usbfs_core_i/usbfs_transaction_i/setup_cmd                     |                                                                                                        |                9 |             56 |
+-----------------------------------------------------------+--------------------------------------------------------------------------------------------------+--------------------------------------------------------------------------------------------------------+------------------+----------------+


